<?xml version="1.0" encoding="UTF-8"?>
<testsuite name="com.kbstar.springboot.study.domain.posts.PostsRepositoryTest" tests="2" skipped="0" failures="0" errors="0" timestamp="2022-05-02T07:34:24" hostname="M50610" time="0.073">
  <properties/>
  <testcase name="baseTimeEntityTest()" classname="com.kbstar.springboot.study.domain.posts.PostsRepositoryTest" time="0.067"/>
  <testcase name="saveAndLoad()" classname="com.kbstar.springboot.study.domain.posts.PostsRepositoryTest" time="0.006"/>
  <system-out><![CDATA[2022-05-02 16:34:24.010  INFO 6952 --- [    Test worker] .b.t.c.SpringBootTestContextBootstrapper : Neither @ContextConfiguration nor @ContextHierarchy found for test class [com.kbstar.springboot.study.domain.posts.PostsRepositoryTest], using SpringBootContextLoader
2022-05-02 16:34:24.011  INFO 6952 --- [    Test worker] o.s.t.c.support.AbstractContextLoader    : Could not detect default resource locations for test class [com.kbstar.springboot.study.domain.posts.PostsRepositoryTest]: no resource found for suffixes {-context.xml, Context.groovy}.
2022-05-02 16:34:24.011  INFO 6952 --- [    Test worker] t.c.s.AnnotationConfigContextLoaderUtils : Could not detect default configuration classes for test class [com.kbstar.springboot.study.domain.posts.PostsRepositoryTest]: PostsRepositoryTest does not declare any static, non-private, non-final, nested classes annotated with @Configuration.
2022-05-02 16:34:24.015  INFO 6952 --- [    Test worker] .b.t.c.SpringBootTestContextBootstrapper : Found @SpringBootConfiguration com.kbstar.springboot.study.Application for test class com.kbstar.springboot.study.domain.posts.PostsRepositoryTest
2022-05-02 16:34:24.016  INFO 6952 --- [    Test worker] .b.t.c.SpringBootTestContextBootstrapper : Loaded default TestExecutionListener class names from location [META-INF/spring.factories]: [org.springframework.security.test.context.support.WithSecurityContextTestExecutionListener, org.springframework.security.test.context.support.ReactorContextTestExecutionListener, org.springframework.boot.test.autoconfigure.restdocs.RestDocsTestExecutionListener, org.springframework.boot.test.autoconfigure.web.client.MockRestServiceServerResetTestExecutionListener, org.springframework.boot.test.autoconfigure.web.servlet.MockMvcPrintOnlyOnFailureTestExecutionListener, org.springframework.boot.test.autoconfigure.web.servlet.WebDriverTestExecutionListener, org.springframework.boot.test.autoconfigure.webservices.client.MockWebServiceServerTestExecutionListener, org.springframework.boot.test.mock.mockito.MockitoTestExecutionListener, org.springframework.boot.test.mock.mockito.ResetMocksTestExecutionListener, org.springframework.test.context.web.ServletTestExecutionListener, org.springframework.test.context.support.DirtiesContextBeforeModesTestExecutionListener, org.springframework.test.context.support.DependencyInjectionTestExecutionListener, org.springframework.test.context.support.DirtiesContextTestExecutionListener, org.springframework.test.context.transaction.TransactionalTestExecutionListener, org.springframework.test.context.jdbc.SqlScriptsTestExecutionListener, org.springframework.test.context.event.EventPublishingTestExecutionListener]
2022-05-02 16:34:24.016  INFO 6952 --- [    Test worker] .b.t.c.SpringBootTestContextBootstrapper : Using TestExecutionListeners: [org.springframework.test.context.web.ServletTestExecutionListener@24bdd996, org.springframework.test.context.support.DirtiesContextBeforeModesTestExecutionListener@445b4594, org.springframework.boot.test.mock.mockito.MockitoTestExecutionListener@1f602930, org.springframework.boot.test.autoconfigure.SpringBootDependencyInjectionTestExecutionListener@57777c23, org.springframework.test.context.support.DirtiesContextTestExecutionListener@1d4c6e32, org.springframework.test.context.transaction.TransactionalTestExecutionListener@3a5ffea, org.springframework.test.context.jdbc.SqlScriptsTestExecutionListener@1d126f07, org.springframework.security.test.context.support.WithSecurityContextTestExecutionListener@71689ee2, org.springframework.test.context.event.EventPublishingTestExecutionListener@f2b4303, org.springframework.security.test.context.support.ReactorContextTestExecutionListener@23dda7a3, org.springframework.boot.test.autoconfigure.restdocs.RestDocsTestExecutionListener@2d399e88, org.springframework.boot.test.autoconfigure.web.client.MockRestServiceServerResetTestExecutionListener@18139a43, org.springframework.boot.test.autoconfigure.web.servlet.MockMvcPrintOnlyOnFailureTestExecutionListener@4df5f119, org.springframework.boot.test.autoconfigure.web.servlet.WebDriverTestExecutionListener@3dbb7bb, org.springframework.boot.test.autoconfigure.webservices.client.MockWebServiceServerTestExecutionListener@6277a496, org.springframework.boot.test.mock.mockito.ResetMocksTestExecutionListener@6632eb19]

  .   ____          _            __ _ _
 /\\ / ___'_ __ _ _(_)_ __  __ _ \ \ \ \
( ( )\___ | '_ | '_| | '_ \/ _` | \ \ \ \
 \\/  ___)| |_)| | | | | || (_| |  ) ) ) )
  '  |____| .__|_| |_|_| |_\__, | / / / /
 =========|_|==============|___/=/_/_/_/
 :: Spring Boot ::                (v2.4.1)

2022-05-02 16:34:24.029  INFO 6952 --- [    Test worker] c.k.s.s.d.posts.PostsRepositoryTest      : Starting PostsRepositoryTest using Java 1.8.0_322 on M50610 with PID 6952 (started by student in C:\Users\student\kbstar\study)
2022-05-02 16:34:24.029  INFO 6952 --- [    Test worker] c.k.s.s.d.posts.PostsRepositoryTest      : The following profiles are active: oauth
2022-05-02 16:34:24.137  INFO 6952 --- [    Test worker] .s.d.r.c.RepositoryConfigurationDelegate : Bootstrapping Spring Data JPA repositories in DEFAULT mode.
2022-05-02 16:34:24.146  INFO 6952 --- [    Test worker] .s.d.r.c.RepositoryConfigurationDelegate : Finished Spring Data repository scanning in 8 ms. Found 2 JPA repository interfaces.
2022-05-02 16:34:24.239  INFO 6952 --- [    Test worker] com.zaxxer.hikari.HikariDataSource       : HikariPool-2 - Starting...
2022-05-02 16:34:24.240  INFO 6952 --- [    Test worker] com.zaxxer.hikari.HikariDataSource       : HikariPool-2 - Start completed.
2022-05-02 16:34:24.249  INFO 6952 --- [    Test worker] o.hibernate.jpa.internal.util.LogHelper  : HHH000204: Processing PersistenceUnitInfo [name: default]
2022-05-02 16:34:24.252  INFO 6952 --- [    Test worker] org.hibernate.dialect.Dialect            : HHH000400: Using dialect: org.hibernate.dialect.MySQL57Dialect
Hibernate: drop table if exists posts
Hibernate: drop table if exists user
Hibernate: create table posts (id bigint not null auto_increment, create_date varchar(255), modified_date varchar(255), author varchar(100) not null, content TEXT not null, rec integer default 0 not null, title varchar(500) not null, view integer default 0 not null, primary key (id)) engine=InnoDB
Hibernate: create table user (id bigint not null auto_increment, create_date varchar(255), modified_date varchar(255), email varchar(255) not null, name varchar(255) not null, picture varchar(255) not null, role varchar(255) not null, primary key (id)) engine=InnoDB
2022-05-02 16:34:24.286  INFO 6952 --- [    Test worker] o.h.e.t.j.p.i.JtaPlatformInitiator       : HHH000490: Using JtaPlatform implementation: [org.hibernate.engine.transaction.jta.platform.internal.NoJtaPlatform]
2022-05-02 16:34:24.286  INFO 6952 --- [    Test worker] j.LocalContainerEntityManagerFactoryBean : Initialized JPA EntityManagerFactory for persistence unit 'default'
2022-05-02 16:34:24.372  WARN 6952 --- [    Test worker] JpaBaseConfiguration$JpaWebConfiguration : spring.jpa.open-in-view is enabled by default. Therefore, database queries may be performed during view rendering. Explicitly configure spring.jpa.open-in-view to disable this warning
2022-05-02 16:34:24.480  INFO 6952 --- [    Test worker] o.s.s.web.DefaultSecurityFilterChain     : Will secure any request with [org.springframework.security.web.context.request.async.WebAsyncManagerIntegrationFilter@40ed4674, org.springframework.security.web.context.SecurityContextPersistenceFilter@2eb91767, org.springframework.security.web.header.HeaderWriterFilter@395abe85, org.springframework.security.web.authentication.logout.LogoutFilter@e280006, org.springframework.security.oauth2.client.web.OAuth2AuthorizationRequestRedirectFilter@6b7e4db6, org.springframework.security.oauth2.client.web.OAuth2LoginAuthenticationFilter@5c59dfc7, org.springframework.security.web.authentication.ui.DefaultLoginPageGeneratingFilter@4f2a9903, org.springframework.security.web.authentication.ui.DefaultLogoutPageGeneratingFilter@2ef63b6d, org.springframework.security.web.savedrequest.RequestCacheAwareFilter@520eb9f8, org.springframework.security.web.servletapi.SecurityContextHolderAwareRequestFilter@3ecc9baa, org.springframework.security.web.authentication.AnonymousAuthenticationFilter@377cc0f8, org.springframework.security.web.session.SessionManagementFilter@55849272, org.springframework.security.web.access.ExceptionTranslationFilter@294ab038, org.springframework.security.web.access.intercept.FilterSecurityInterceptor@43f5b014]
2022-05-02 16:34:24.586  INFO 6952 --- [    Test worker] o.s.s.concurrent.ThreadPoolTaskExecutor  : Initializing ExecutorService 'applicationTaskExecutor'
2022-05-02 16:34:24.596  INFO 6952 --- [    Test worker] o.s.b.a.h2.H2ConsoleAutoConfiguration    : H2 console available at '/h2-console'. Database available at 'jdbc:h2:mem:testdb'
2022-05-02 16:34:24.611  INFO 6952 --- [    Test worker] o.s.b.a.w.s.WelcomePageHandlerMapping    : Adding welcome page template: index
2022-05-02 16:34:24.772  INFO 6952 --- [    Test worker] s.a.ScheduledAnnotationBeanPostProcessor : No TaskScheduler/ScheduledExecutorService bean found for scheduled processing
2022-05-02 16:34:24.772  INFO 6952 --- [    Test worker] c.k.s.s.d.posts.PostsRepositoryTest      : Started PostsRepositoryTest in 0.754 seconds (JVM running for 6.393)
Hibernate: insert into posts (create_date, modified_date, author, content, rec, title, view) values (?, ?, ?, ?, ?, ?, ?)
Hibernate: select posts0_.id as id1_0_, posts0_.create_date as create_d2_0_, posts0_.modified_date as modified3_0_, posts0_.author as author4_0_, posts0_.content as content5_0_, posts0_.rec as rec6_0_, posts0_.title as title7_0_, posts0_.view as view8_0_ from posts posts0_
------------------------------------createDate : 2022-34-02 16:34-------------------------------
------------------------------------modifiedDate : 2022-34-02 16:34-------------------------------
Hibernate: select posts0_.id as id1_0_, posts0_.create_date as create_d2_0_, posts0_.modified_date as modified3_0_, posts0_.author as author4_0_, posts0_.content as content5_0_, posts0_.rec as rec6_0_, posts0_.title as title7_0_, posts0_.view as view8_0_ from posts posts0_
Hibernate: delete from posts where id=?
Hibernate: insert into posts (create_date, modified_date, author, content, rec, title, view) values (?, ?, ?, ?, ?, ?, ?)
Hibernate: select posts0_.id as id1_0_, posts0_.create_date as create_d2_0_, posts0_.modified_date as modified3_0_, posts0_.author as author4_0_, posts0_.content as content5_0_, posts0_.rec as rec6_0_, posts0_.title as title7_0_, posts0_.view as view8_0_ from posts posts0_
--------------------- title = 테스트 제목
Hibernate: select posts0_.id as id1_0_, posts0_.create_date as create_d2_0_, posts0_.modified_date as modified3_0_, posts0_.author as author4_0_, posts0_.content as content5_0_, posts0_.rec as rec6_0_, posts0_.title as title7_0_, posts0_.view as view8_0_ from posts posts0_
Hibernate: delete from posts where id=?
]]></system-out>
  <system-err><![CDATA[]]></system-err>
</testsuite>
