<?xml version="1.0" encoding="UTF-8"?>
<testsuite name="com.kbstar.springboot.study.web.dto.HelloResponseDtoTest" tests="1" skipped="0" failures="0" errors="0" timestamp="2022-04-20T06:08:09" hostname="M50610" time="0.044">
  <properties/>
  <testcase name="lombokTest()" classname="com.kbstar.springboot.study.web.dto.HelloResponseDtoTest" time="0.044"/>
  <system-out><![CDATA[]]></system-out>
  <system-err><![CDATA[]]></system-err>
</testsuite>
