<?xml version="1.0" encoding="UTF-8"?>
<testsuite name="com.kbstar.springboot.study.web.PostsApiControllerTest" tests="1" skipped="0" failures="0" errors="0" timestamp="2022-04-22T05:36:38" hostname="M50610" time="0.391">
  <properties/>
  <testcase name="postsRegistTest()" classname="com.kbstar.springboot.study.web.PostsApiControllerTest" time="0.391"/>
  <system-out><![CDATA[14:36:35.631 [Test worker] DEBUG org.springframework.test.context.BootstrapUtils - Instantiating CacheAwareContextLoaderDelegate from class [org.springframework.test.context.cache.DefaultCacheAwareContextLoaderDelegate]
14:36:35.639 [Test worker] DEBUG org.springframework.test.context.BootstrapUtils - Instantiating BootstrapContext using constructor [public org.springframework.test.context.support.DefaultBootstrapContext(java.lang.Class,org.springframework.test.context.CacheAwareContextLoaderDelegate)]
14:36:35.663 [Test worker] DEBUG org.springframework.test.context.BootstrapUtils - Instantiating TestContextBootstrapper for test class [com.kbstar.springboot.study.web.PostsApiControllerTest] from class [org.springframework.boot.test.context.SpringBootTestContextBootstrapper]
14:36:35.671 [Test worker] INFO org.springframework.boot.test.context.SpringBootTestContextBootstrapper - Neither @ContextConfiguration nor @ContextHierarchy found for test class [com.kbstar.springboot.study.web.PostsApiControllerTest], using SpringBootContextLoader
14:36:35.673 [Test worker] DEBUG org.springframework.test.context.support.AbstractContextLoader - Did not detect default resource location for test class [com.kbstar.springboot.study.web.PostsApiControllerTest]: class path resource [com/kbstar/springboot/study/web/PostsApiControllerTest-context.xml] does not exist
14:36:35.674 [Test worker] DEBUG org.springframework.test.context.support.AbstractContextLoader - Did not detect default resource location for test class [com.kbstar.springboot.study.web.PostsApiControllerTest]: class path resource [com/kbstar/springboot/study/web/PostsApiControllerTestContext.groovy] does not exist
14:36:35.674 [Test worker] INFO org.springframework.test.context.support.AbstractContextLoader - Could not detect default resource locations for test class [com.kbstar.springboot.study.web.PostsApiControllerTest]: no resource found for suffixes {-context.xml, Context.groovy}.
14:36:35.674 [Test worker] INFO org.springframework.test.context.support.AnnotationConfigContextLoaderUtils - Could not detect default configuration classes for test class [com.kbstar.springboot.study.web.PostsApiControllerTest]: PostsApiControllerTest does not declare any static, non-private, non-final, nested classes annotated with @Configuration.
14:36:35.705 [Test worker] DEBUG org.springframework.test.context.support.ActiveProfilesUtils - Could not find an 'annotation declaring class' for annotation type [org.springframework.test.context.ActiveProfiles] and class [com.kbstar.springboot.study.web.PostsApiControllerTest]
14:36:35.758 [Test worker] DEBUG org.springframework.context.annotation.ClassPathScanningCandidateComponentProvider - Identified candidate component class: file [C:\Users\student\kbstar\study\build\classes\java\main\com\kbstar\springboot\study\Application.class]
14:36:35.758 [Test worker] INFO org.springframework.boot.test.context.SpringBootTestContextBootstrapper - Found @SpringBootConfiguration com.kbstar.springboot.study.Application for test class com.kbstar.springboot.study.web.PostsApiControllerTest
14:36:35.826 [Test worker] DEBUG org.springframework.boot.test.context.SpringBootTestContextBootstrapper - @TestExecutionListeners is not present for class [com.kbstar.springboot.study.web.PostsApiControllerTest]: using defaults.
14:36:35.826 [Test worker] INFO org.springframework.boot.test.context.SpringBootTestContextBootstrapper - Loaded default TestExecutionListener class names from location [META-INF/spring.factories]: [org.springframework.boot.test.autoconfigure.restdocs.RestDocsTestExecutionListener, org.springframework.boot.test.autoconfigure.web.client.MockRestServiceServerResetTestExecutionListener, org.springframework.boot.test.autoconfigure.web.servlet.MockMvcPrintOnlyOnFailureTestExecutionListener, org.springframework.boot.test.autoconfigure.web.servlet.WebDriverTestExecutionListener, org.springframework.boot.test.autoconfigure.webservices.client.MockWebServiceServerTestExecutionListener, org.springframework.boot.test.mock.mockito.MockitoTestExecutionListener, org.springframework.boot.test.mock.mockito.ResetMocksTestExecutionListener, org.springframework.test.context.web.ServletTestExecutionListener, org.springframework.test.context.support.DirtiesContextBeforeModesTestExecutionListener, org.springframework.test.context.support.DependencyInjectionTestExecutionListener, org.springframework.test.context.support.DirtiesContextTestExecutionListener, org.springframework.test.context.transaction.TransactionalTestExecutionListener, org.springframework.test.context.jdbc.SqlScriptsTestExecutionListener, org.springframework.test.context.event.EventPublishingTestExecutionListener]
14:36:35.838 [Test worker] INFO org.springframework.boot.test.context.SpringBootTestContextBootstrapper - Using TestExecutionListeners: [org.springframework.test.context.web.ServletTestExecutionListener@3fc9504b, org.springframework.test.context.support.DirtiesContextBeforeModesTestExecutionListener@6d025197, org.springframework.boot.test.mock.mockito.MockitoTestExecutionListener@27d4a09, org.springframework.boot.test.autoconfigure.SpringBootDependencyInjectionTestExecutionListener@7e4204e2, org.springframework.test.context.support.DirtiesContextTestExecutionListener@b7c4869, org.springframework.test.context.transaction.TransactionalTestExecutionListener@740d2e78, org.springframework.test.context.jdbc.SqlScriptsTestExecutionListener@1c481ff2, org.springframework.test.context.event.EventPublishingTestExecutionListener@72437d8d, org.springframework.boot.test.autoconfigure.restdocs.RestDocsTestExecutionListener@1b955cac, org.springframework.boot.test.autoconfigure.web.client.MockRestServiceServerResetTestExecutionListener@676cf48, org.springframework.boot.test.autoconfigure.web.servlet.MockMvcPrintOnlyOnFailureTestExecutionListener@5a1de7fb, org.springframework.boot.test.autoconfigure.web.servlet.WebDriverTestExecutionListener@335b5620, org.springframework.boot.test.autoconfigure.webservices.client.MockWebServiceServerTestExecutionListener@29a0cdb, org.springframework.boot.test.mock.mockito.ResetMocksTestExecutionListener@32a68f4f]
14:36:35.841 [Test worker] DEBUG org.springframework.test.context.support.AbstractDirtiesContextTestExecutionListener - Before test class: context [DefaultTestContext@6bca7e0d testClass = PostsApiControllerTest, testInstance = [null], testMethod = [null], testException = [null], mergedContextConfiguration = [WebMergedContextConfiguration@2631f68c testClass = PostsApiControllerTest, locations = '{}', classes = '{class com.kbstar.springboot.study.Application}', contextInitializerClasses = '[]', activeProfiles = '{}', propertySourceLocations = '{}', propertySourceProperties = '{org.springframework.boot.test.context.SpringBootTestContextBootstrapper=true, server.port=0}', contextCustomizers = set[org.springframework.boot.test.autoconfigure.actuate.metrics.MetricsExportContextCustomizerFactory$DisableMetricExportContextCustomizer@72035809, org.springframework.boot.test.autoconfigure.properties.PropertyMappingContextCustomizer@0, org.springframework.boot.test.autoconfigure.web.servlet.WebDriverContextCustomizerFactory$Customizer@cecf639, org.springframework.boot.test.context.filter.ExcludeFilterContextCustomizer@5b247367, org.springframework.boot.test.json.DuplicateJsonObjectContextCustomizerFactory$DuplicateJsonObjectContextCustomizer@7e057f43, org.springframework.boot.test.mock.mockito.MockitoContextCustomizer@0, org.springframework.boot.test.web.client.TestRestTemplateContextCustomizer@359df09a, org.springframework.boot.test.context.SpringBootTestArgs@1, org.springframework.boot.test.context.SpringBootTestWebEnvironment@1f0f1111], resourceBasePath = 'src/main/webapp', contextLoader = 'org.springframework.boot.test.context.SpringBootContextLoader', parent = [null]], attributes = map['org.springframework.test.context.web.ServletTestExecutionListener.activateListener' -> false]], class annotated with @DirtiesContext [false] with mode [null].
14:36:35.848 [Test worker] DEBUG org.springframework.test.context.support.DependencyInjectionTestExecutionListener - Performing dependency injection for test context [[DefaultTestContext@6bca7e0d testClass = PostsApiControllerTest, testInstance = com.kbstar.springboot.study.web.PostsApiControllerTest@dbd8e44, testMethod = [null], testException = [null], mergedContextConfiguration = [WebMergedContextConfiguration@2631f68c testClass = PostsApiControllerTest, locations = '{}', classes = '{class com.kbstar.springboot.study.Application}', contextInitializerClasses = '[]', activeProfiles = '{}', propertySourceLocations = '{}', propertySourceProperties = '{org.springframework.boot.test.context.SpringBootTestContextBootstrapper=true, server.port=0}', contextCustomizers = set[org.springframework.boot.test.autoconfigure.actuate.metrics.MetricsExportContextCustomizerFactory$DisableMetricExportContextCustomizer@72035809, org.springframework.boot.test.autoconfigure.properties.PropertyMappingContextCustomizer@0, org.springframework.boot.test.autoconfigure.web.servlet.WebDriverContextCustomizerFactory$Customizer@cecf639, org.springframework.boot.test.context.filter.ExcludeFilterContextCustomizer@5b247367, org.springframework.boot.test.json.DuplicateJsonObjectContextCustomizerFactory$DuplicateJsonObjectContextCustomizer@7e057f43, org.springframework.boot.test.mock.mockito.MockitoContextCustomizer@0, org.springframework.boot.test.web.client.TestRestTemplateContextCustomizer@359df09a, org.springframework.boot.test.context.SpringBootTestArgs@1, org.springframework.boot.test.context.SpringBootTestWebEnvironment@1f0f1111], resourceBasePath = 'src/main/webapp', contextLoader = 'org.springframework.boot.test.context.SpringBootContextLoader', parent = [null]], attributes = map['org.springframework.test.context.web.ServletTestExecutionListener.activateListener' -> false]]].
14:36:35.862 [Test worker] DEBUG org.springframework.test.context.support.TestPropertySourceUtils - Adding inlined properties to environment: {spring.jmx.enabled=false, org.springframework.boot.test.context.SpringBootTestContextBootstrapper=true, server.port=0}

  .   ____          _            __ _ _
 /\\ / ___'_ __ _ _(_)_ __  __ _ \ \ \ \
( ( )\___ | '_ | '_| | '_ \/ _` | \ \ \ \
 \\/  ___)| |_)| | | | | || (_| |  ) ) ) )
  '  |____| .__|_| |_|_| |_\__, | / / / /
 =========|_|==============|___/=/_/_/_/
 :: Spring Boot ::                (v2.4.1)

2022-04-22 14:36:36.048  INFO 10044 --- [    Test worker] c.k.s.study.web.PostsApiControllerTest   : Starting PostsApiControllerTest using Java 1.8.0_322 on M50610 with PID 10044 (started by student in C:\Users\student\kbstar\study)
2022-04-22 14:36:36.050  INFO 10044 --- [    Test worker] c.k.s.study.web.PostsApiControllerTest   : No active profile set, falling back to default profiles: default
2022-04-22 14:36:36.397  INFO 10044 --- [    Test worker] .s.d.r.c.RepositoryConfigurationDelegate : Bootstrapping Spring Data JPA repositories in DEFAULT mode.
2022-04-22 14:36:36.433  INFO 10044 --- [    Test worker] .s.d.r.c.RepositoryConfigurationDelegate : Finished Spring Data repository scanning in 30 ms. Found 1 JPA repository interfaces.
2022-04-22 14:36:36.879  INFO 10044 --- [    Test worker] o.s.b.w.embedded.tomcat.TomcatWebServer  : Tomcat initialized with port(s): 0 (http)
2022-04-22 14:36:36.888  INFO 10044 --- [    Test worker] o.apache.catalina.core.StandardService   : Starting service [Tomcat]
2022-04-22 14:36:36.888  INFO 10044 --- [    Test worker] org.apache.catalina.core.StandardEngine  : Starting Servlet engine: [Apache Tomcat/9.0.41]
2022-04-22 14:36:36.948  INFO 10044 --- [    Test worker] o.a.c.c.C.[Tomcat].[localhost].[/]       : Initializing Spring embedded WebApplicationContext
2022-04-22 14:36:36.948  INFO 10044 --- [    Test worker] w.s.c.ServletWebServerApplicationContext : Root WebApplicationContext: initialization completed in 885 ms
2022-04-22 14:36:37.103  INFO 10044 --- [    Test worker] com.zaxxer.hikari.HikariDataSource       : HikariPool-1 - Starting...
2022-04-22 14:36:37.228  INFO 10044 --- [    Test worker] com.zaxxer.hikari.HikariDataSource       : HikariPool-1 - Start completed.
2022-04-22 14:36:37.273  INFO 10044 --- [    Test worker] o.hibernate.jpa.internal.util.LogHelper  : HHH000204: Processing PersistenceUnitInfo [name: default]
2022-04-22 14:36:37.314  INFO 10044 --- [    Test worker] org.hibernate.Version                    : HHH000412: Hibernate ORM core version 5.4.25.Final
2022-04-22 14:36:37.421  INFO 10044 --- [    Test worker] o.hibernate.annotations.common.Version   : HCANN000001: Hibernate Commons Annotations {5.1.2.Final}
2022-04-22 14:36:37.507  INFO 10044 --- [    Test worker] org.hibernate.dialect.Dialect            : HHH000400: Using dialect: org.hibernate.dialect.MySQL57Dialect
Hibernate: drop table if exists posts
Hibernate: create table posts (id bigint not null auto_increment, author varchar(255), content TEXT not null, title varchar(500) not null, primary key (id)) engine=InnoDB
2022-04-22 14:36:37.910  INFO 10044 --- [    Test worker] o.h.e.t.j.p.i.JtaPlatformInitiator       : HHH000490: Using JtaPlatform implementation: [org.hibernate.engine.transaction.jta.platform.internal.NoJtaPlatform]
2022-04-22 14:36:37.915  INFO 10044 --- [    Test worker] j.LocalContainerEntityManagerFactoryBean : Initialized JPA EntityManagerFactory for persistence unit 'default'
2022-04-22 14:36:38.163  WARN 10044 --- [    Test worker] JpaBaseConfiguration$JpaWebConfiguration : spring.jpa.open-in-view is enabled by default. Therefore, database queries may be performed during view rendering. Explicitly configure spring.jpa.open-in-view to disable this warning
2022-04-22 14:36:38.314  INFO 10044 --- [    Test worker] o.s.s.concurrent.ThreadPoolTaskExecutor  : Initializing ExecutorService 'applicationTaskExecutor'
2022-04-22 14:36:38.550  WARN 10044 --- [    Test worker] o.s.b.a.m.MustacheAutoConfiguration      : Cannot find template location: classpath:/templates/ (please add some templates, check your Mustache configuration, or set spring.mustache.check-template-location=false)
2022-04-22 14:36:38.657  INFO 10044 --- [    Test worker] o.s.b.w.embedded.tomcat.TomcatWebServer  : Tomcat started on port(s): 62353 (http) with context path ''
2022-04-22 14:36:38.663  INFO 10044 --- [    Test worker] c.k.s.study.web.PostsApiControllerTest   : Started PostsApiControllerTest in 2.799 seconds (JVM running for 3.623)
------------------------- dto title = test title
2022-04-22 14:36:38.813  INFO 10044 --- [o-auto-1-exec-1] o.a.c.c.C.[Tomcat].[localhost].[/]       : Initializing Spring DispatcherServlet 'dispatcherServlet'
2022-04-22 14:36:38.813  INFO 10044 --- [o-auto-1-exec-1] o.s.web.servlet.DispatcherServlet        : Initializing Servlet 'dispatcherServlet'
2022-04-22 14:36:38.814  INFO 10044 --- [o-auto-1-exec-1] o.s.web.servlet.DispatcherServlet        : Completed initialization in 1 ms
----------------Controller -> Service
------------------------Post Service---------------------------- title = test title
Hibernate: insert into posts (author, content, title) values (?, ?, ?)
Hibernate: select posts0_.id as id1_0_, posts0_.author as author2_0_, posts0_.content as content3_0_, posts0_.title as title4_0_ from posts posts0_
Hibernate: select posts0_.id as id1_0_, posts0_.author as author2_0_, posts0_.content as content3_0_, posts0_.title as title4_0_ from posts posts0_
Hibernate: delete from posts where id=?
]]></system-out>
  <system-err><![CDATA[]]></system-err>
</testsuite>
